<?xml version="1.0" encoding="UTF-8"?>
<!-- Generated by org.testng.reporters.JUnitXMLReporter -->
<testsuite ignored="0" hostname="MSI" failures="1" tests="1" name="iOS Safari Test" time="128.236" errors="0" timestamp="2025-07-12T15:08:07 IST">
  <testcase classname="tests.ElPaisTest" name="testScrapeAndTranslate" time="106.655">
    <failure type="java.lang.AssertionError" message="Article content should not be fallback message expected [false] but found [true]">
      <![CDATA[java.lang.AssertionError: Article content should not be fallback message expected [false] but found [true]
at tests.ElPaisTest.testScrapeAndTranslate(ElPaisTest.java:79)
at java.base/java.util.concurrent.Executors$RunnableAdapter.call(Executors.java:577)
at java.base/java.util.concurrent.FutureTask.run(FutureTask.java:317)
at java.base/java.util.concurrent.ThreadPoolExecutor.runWorker(ThreadPoolExecutor.java:1144)
at java.base/java.util.concurrent.ThreadPoolExecutor$Worker.run(ThreadPoolExecutor.java:642)
at java.base/java.lang.Thread.run(Thread.java:1623)
... Removed 14 stack frames]]>
    </failure>
  </testcase> <!-- testScrapeAndTranslate -->
</testsuite> <!-- iOS Safari Test -->
